<?xml version="1.0" encoding="UTF-8"?>
<!-- Generated by org.testng.reporters.JUnitReportReporter -->
<testsuite skipped="0" hostname="LQHSURFACE" name="com.lizheng.test.demoTestNG" tests="2" failures="0" timestamp="20 十月 2021 14:16:37 GMT" time="0.064" errors="0">
  <testcase name="test2" time="0.002" classname="com.lizheng.test.demoTestNG"/>
  <testcase name="test1" time="0.062" classname="com.lizheng.test.demoTestNG"/>
</testsuite> <!-- com.lizheng.test.demoTestNG -->
