<?xml version="1.0" encoding="UTF-8"?>
<!-- Generated by org.testng.reporters.JUnitReportReporter -->
<testsuite skipped="0" hostname="LQHSURFACE" name="com.lizheng.test.TestParameterDataProvider3" tests="4" failures="0" timestamp="20 十月 2021 14:16:37 GMT" time="0.010" errors="0">
  <testcase name="test2" time="0.000" classname="com.lizheng.test.TestParameterDataProvider3"/>
  <testcase name="test1" time="0.010" classname="com.lizheng.test.TestParameterDataProvider3"/>
  <testcase name="test2" time="0.000" classname="com.lizheng.test.TestParameterDataProvider3"/>
  <testcase name="test1" time="0.000" classname="com.lizheng.test.TestParameterDataProvider3"/>
</testsuite> <!-- com.lizheng.test.TestParameterDataProvider3 -->
