<?xml version="1.0" encoding="UTF-8"?>
<!-- Generated by org.testng.reporters.JUnitReportReporter -->
<testsuite skipped="0" hostname="LQHSURFACE" name="com.lizheng.test.TestParameterDataProvider2" tests="1" failures="0" timestamp="20 十月 2021 14:16:37 GMT" time="0.010" errors="0">
  <testcase name="testConnection" time="0.010" classname="com.lizheng.test.TestParameterDataProvider2"/>
</testsuite> <!-- com.lizheng.test.TestParameterDataProvider2 -->
