<?xml version="1.0" encoding="UTF-8"?>
<!-- Generated by org.testng.reporters.JUnitReportReporter -->
<testsuite skipped="0" hostname="LQHSURFACE" name="com.lizheng.test.sendMailTestNG" tests="2" failures="0" timestamp="20 十月 2021 14:16:37 GMT" time="0.011" errors="0">
  <testcase name="test2" time="0.000" classname="com.lizheng.test.sendMailTestNG"/>
  <testcase name="test1" time="0.011" classname="com.lizheng.test.sendMailTestNG"/>
</testsuite> <!-- com.lizheng.test.sendMailTestNG -->
