<?xml version="1.0" encoding="UTF-8"?>
<!-- Generated by org.testng.reporters.JUnitReportReporter -->
<testsuite skipped="0" hostname="LQHSURFACE" name="com.lizheng.test.TestParameterXML" tests="1" failures="0" timestamp="20 十月 2021 14:16:37 GMT" time="0.011" errors="0">
  <testcase name="createConnection" time="0.011" classname="com.lizheng.test.TestParameterXML"/>
</testsuite> <!-- com.lizheng.test.TestParameterXML -->
